<?xml version="1.0" encoding="UTF-8"?>
<testng-results ignored="0" total="3" passed="2" failed="1" skipped="0">
  <reporter-output>
  </reporter-output>
  <suite started-at="2023-03-29T20:50:14 IST" name="Suite" finished-at="2023-03-29T20:51:23 IST" duration-ms="68287">
    <groups>
      <group name="Sanity">
        <method signature="TC_001_Text_Box.Text_Box()[pri:0, instance:testCases.TC_001_Text_Box@548d708a]" name="Text_Box" class="testCases.TC_001_Text_Box"/>
        <method signature="TC_002_Check_Box.Check_Box()[pri:0, instance:testCases.TC_002_Check_Box@350aac89]" name="Check_Box" class="testCases.TC_002_Check_Box"/>
        <method signature="TC_004_LoginTest.test_Login()[pri:0, instance:testCases.TC_004_LoginTest@1c5920df]" name="test_Login" class="testCases.TC_004_LoginTest"/>
      </group> <!-- Sanity -->
      <group name="Regression">
        <method signature="TC_001_Text_Box.Text_Box()[pri:0, instance:testCases.TC_001_Text_Box@548d708a]" name="Text_Box" class="testCases.TC_001_Text_Box"/>
        <method signature="TC_002_Check_Box.Check_Box()[pri:0, instance:testCases.TC_002_Check_Box@350aac89]" name="Check_Box" class="testCases.TC_002_Check_Box"/>
      </group> <!-- Regression -->
    </groups>
    <test started-at="2023-03-29T20:50:14 IST" name="Test" finished-at="2023-03-29T20:51:23 IST" duration-ms="68287">
      <class name="testCases.TC_004_LoginTest">
        <test-method is-config="true" signature="setup(java.lang.String)[pri:0, instance:testCases.TC_004_LoginTest@1c5920df]" started-at="2023-03-29T20:51:08 IST" name="setup" finished-at="2023-03-29T20:51:18 IST" duration-ms="9718" status="PASS">
          <params>
            <param index="0">
              <value>
                <![CDATA[chrome]]>
              </value>
            </param>
          </params>
          <reporter-output>
          </reporter-output>
        </test-method> <!-- setup -->
        <test-method signature="test_Login()[pri:0, instance:testCases.TC_004_LoginTest@1c5920df]" started-at="2023-03-29T20:51:18 IST" name="test_Login" finished-at="2023-03-29T20:51:22 IST" duration-ms="3717" status="PASS">
          <reporter-output>
          </reporter-output>
        </test-method> <!-- test_Login -->
        <test-method is-config="true" signature="teardown()[pri:0, instance:testCases.TC_004_LoginTest@1c5920df]" started-at="2023-03-29T20:51:22 IST" name="teardown" finished-at="2023-03-29T20:51:23 IST" duration-ms="965" status="PASS">
          <reporter-output>
          </reporter-output>
        </test-method> <!-- teardown -->
      </class> <!-- testCases.TC_004_LoginTest -->
      <class name="testCases.TC_001_Text_Box">
        <test-method is-config="true" signature="setup(java.lang.String)[pri:0, instance:testCases.TC_001_Text_Box@548d708a]" started-at="2023-03-29T20:50:15 IST" name="setup" finished-at="2023-03-29T20:50:51 IST" duration-ms="36639" status="PASS">
          <params>
            <param index="0">
              <value>
                <![CDATA[chrome]]>
              </value>
            </param>
          </params>
          <reporter-output>
          </reporter-output>
        </test-method> <!-- setup -->
        <test-method signature="Text_Box()[pri:0, instance:testCases.TC_001_Text_Box@548d708a]" started-at="2023-03-29T20:50:51 IST" name="Text_Box" finished-at="2023-03-29T20:50:53 IST" duration-ms="1889" status="PASS">
          <reporter-output>
          </reporter-output>
        </test-method> <!-- Text_Box -->
        <test-method is-config="true" signature="teardown()[pri:0, instance:testCases.TC_001_Text_Box@548d708a]" started-at="2023-03-29T20:50:53 IST" name="teardown" finished-at="2023-03-29T20:50:54 IST" duration-ms="364" status="PASS">
          <reporter-output>
          </reporter-output>
        </test-method> <!-- teardown -->
      </class> <!-- testCases.TC_001_Text_Box -->
      <class name="testCases.TC_002_Check_Box">
        <test-method is-config="true" signature="setup(java.lang.String)[pri:0, instance:testCases.TC_002_Check_Box@350aac89]" started-at="2023-03-29T20:50:54 IST" name="setup" finished-at="2023-03-29T20:51:03 IST" duration-ms="9780" status="PASS">
          <params>
            <param index="0">
              <value>
                <![CDATA[chrome]]>
              </value>
            </param>
          </params>
          <reporter-output>
          </reporter-output>
        </test-method> <!-- setup -->
        <test-method signature="Check_Box()[pri:0, instance:testCases.TC_002_Check_Box@350aac89]" started-at="2023-03-29T20:51:03 IST" name="Check_Box" finished-at="2023-03-29T20:51:07 IST" duration-ms="3249" status="FAIL">
          <exception class="java.lang.AssertionError">
            <message>
              <![CDATA[null]]>
            </message>
            <full-stacktrace>
              <![CDATA[java.lang.AssertionError: null
at utilities.ExtentReportManager.onTestFailure(ExtentReportManager.java:55)
at org.testng.internal.TestListenerHelper.runTestListeners(TestListenerHelper.java:99)
at org.testng.internal.invokers.TestInvoker.runTestResultListener(TestInvoker.java:277)
at org.testng.internal.invokers.TestInvoker.invokeMethod(TestInvoker.java:764)
at org.testng.internal.invokers.TestInvoker.invokeTestMethod(TestInvoker.java:221)
at org.testng.internal.invokers.MethodRunner.runInSequence(MethodRunner.java:50)
at org.testng.internal.invokers.TestInvoker$MethodInvocationAgent.invoke(TestInvoker.java:969)
at org.testng.internal.invokers.TestInvoker.invokeTestMethods(TestInvoker.java:194)
at org.testng.internal.invokers.TestMethodWorker.invokeTestMethods(TestMethodWorker.java:148)
at org.testng.internal.invokers.TestMethodWorker.run(TestMethodWorker.java:128)
at java.base/java.util.ArrayList.forEach(ArrayList.java:1511)
at org.testng.TestRunner.privateRun(TestRunner.java:829)
at org.testng.TestRunner.run(TestRunner.java:602)
at org.testng.SuiteRunner.runTest(SuiteRunner.java:437)
at org.testng.SuiteRunner.runSequentially(SuiteRunner.java:431)
at org.testng.SuiteRunner.privateRun(SuiteRunner.java:391)
at org.testng.SuiteRunner.run(SuiteRunner.java:330)
at org.testng.SuiteRunnerWorker.runSuite(SuiteRunnerWorker.java:52)
at org.testng.SuiteRunnerWorker.run(SuiteRunnerWorker.java:95)
at org.testng.TestNG.runSuitesSequentially(TestNG.java:1256)
at org.testng.TestNG.runSuitesLocally(TestNG.java:1176)
at org.testng.TestNG.runSuites(TestNG.java:1099)
at org.testng.TestNG.run(TestNG.java:1067)
at org.testng.remote.AbstractRemoteTestNG.run(AbstractRemoteTestNG.java:115)
at org.testng.remote.RemoteTestNG.initAndRun(RemoteTestNG.java:251)
at org.testng.remote.RemoteTestNG.main(RemoteTestNG.java:77)
]]>
            </full-stacktrace>
          </exception> <!-- java.lang.AssertionError -->
          <reporter-output>
          </reporter-output>
        </test-method> <!-- Check_Box -->
        <test-method is-config="true" signature="teardown()[pri:0, instance:testCases.TC_002_Check_Box@350aac89]" started-at="2023-03-29T20:51:07 IST" name="teardown" finished-at="2023-03-29T20:51:08 IST" duration-ms="1050" status="PASS">
          <reporter-output>
          </reporter-output>
        </test-method> <!-- teardown -->
      </class> <!-- testCases.TC_002_Check_Box -->
    </test> <!-- Test -->
  </suite> <!-- Suite -->
</testng-results>
